[ 2023-02-21 13:55:29,945 ] 15 root - INFO - >>>>>>>>>>>>>>>>>>>>>>>>>>>>>>>>>>>>>>>> Data Ingestion <<<<<<<<<<<<<<<<<<<<<<<<<<<<<<<<<<<<<<<<
[ 2023-02-21 13:55:29,946 ] 22 root - INFO - Exporting collection data as pandas dataframe
[ 2023-02-21 13:55:29,946 ] 21 root - INFO - Reading data from database: Insurance_premium and collection: expenses
[ 2023-02-21 13:55:30,064 ] 23 root - INFO - Found columns: Index(['_id', 'age', 'sex', 'bmi', 'children', 'smoker', 'region', 'expenses'], dtype='object')
[ 2023-02-21 13:55:30,066 ] 25 root - INFO - Dropping column: _id 
[ 2023-02-21 13:55:30,074 ] 27 root - INFO - Row and columns in df: (1338, 7)
[ 2023-02-21 13:55:30,074 ] 28 root - INFO - Save data in feature store
[ 2023-02-21 13:55:30,078 ] 34 root - INFO - Create feature store folder if not available
[ 2023-02-21 13:55:30,079 ] 38 root - INFO - Save df to feature store folder
[ 2023-02-21 13:55:30,104 ] 43 root - INFO - split dataset into train and test set
[ 2023-02-21 13:55:30,112 ] 47 root - INFO - create dataset directory folder if not available
[ 2023-02-21 13:55:30,113 ] 52 root - INFO - Save df to feature store folder
[ 2023-02-21 13:55:30,131 ] 64 root - INFO - Data ingestion artifact: DataIngestionArtifact(feature_store_file_path='/config/workspace/artifact/02212023__135529/data_ingestion/feature_store/Insurance_premium.csv', train_file_path='/config/workspace/artifact/02212023__135529/data_ingestion/dataset/train.csv', test_file_path='/config/workspace/artifact/02212023__135529/data_ingestion/dataset/test.csv')
[ 2023-02-21 13:56:03,212 ] 19 root - INFO - >>>>>>>>>>>>>>>>>>>>>>>>>>>>>>>>>>>>>>>> Data Validation <<<<<<<<<<<<<<<<<<<<<<<<<<<<<<<<<<<<<<<<
[ 2023-02-21 13:56:17,367 ] 107 root - INFO - Reading base dataframe
[ 2023-02-21 13:56:21,580 ] 110 root - INFO - Replace na value in base df
[ 2023-02-21 13:56:23,487 ] 112 root - INFO - Drop null values colums from base df
[ 2023-02-21 13:56:29,036 ] 41 root - INFO - selecting column name which contains null above to 0.2
[ 2023-02-21 13:56:31,012 ] 44 root - INFO - Columns to drop: []
[ 2023-02-21 13:56:38,571 ] 115 root - INFO - Reading train dataframe
[ 2023-02-21 13:56:42,442 ] 117 root - INFO - Reading test dataframe
[ 2023-02-21 13:56:44,164 ] 120 root - INFO - Drop null values colums from train df
[ 2023-02-21 13:56:50,880 ] 41 root - INFO - selecting column name which contains null above to 0.2
[ 2023-02-21 13:56:53,509 ] 44 root - INFO - Columns to drop: []
[ 2023-02-21 13:56:59,881 ] 122 root - INFO - Drop null values colums from test df
[ 2023-02-21 13:57:04,601 ] 41 root - INFO - selecting column name which contains null above to 0.2
[ 2023-02-21 13:57:07,586 ] 44 root - INFO - Columns to drop: []
