[ 2023-02-21 14:00:05,554 ] 15 root - INFO - >>>>>>>>>>>>>>>>>>>>>>>>>>>>>>>>>>>>>>>> Data Ingestion <<<<<<<<<<<<<<<<<<<<<<<<<<<<<<<<<<<<<<<<
[ 2023-02-21 14:00:05,556 ] 22 root - INFO - Exporting collection data as pandas dataframe
[ 2023-02-21 14:00:05,556 ] 21 root - INFO - Reading data from database: Insurance_premium and collection: expenses
[ 2023-02-21 14:00:05,667 ] 23 root - INFO - Found columns: Index(['_id', 'age', 'sex', 'bmi', 'children', 'smoker', 'region', 'expenses'], dtype='object')
[ 2023-02-21 14:00:05,668 ] 25 root - INFO - Dropping column: _id 
[ 2023-02-21 14:00:05,675 ] 27 root - INFO - Row and columns in df: (1338, 7)
[ 2023-02-21 14:00:05,675 ] 28 root - INFO - Save data in feature store
[ 2023-02-21 14:00:05,678 ] 34 root - INFO - Create feature store folder if not available
[ 2023-02-21 14:00:05,679 ] 38 root - INFO - Save df to feature store folder
[ 2023-02-21 14:00:05,702 ] 43 root - INFO - split dataset into train and test set
[ 2023-02-21 14:00:05,709 ] 47 root - INFO - create dataset directory folder if not available
[ 2023-02-21 14:00:05,709 ] 52 root - INFO - Save df to feature store folder
[ 2023-02-21 14:00:05,728 ] 64 root - INFO - Data ingestion artifact: DataIngestionArtifact(feature_store_file_path='/config/workspace/artifact/02212023__140005/data_ingestion/feature_store/Insurance_premium.csv', train_file_path='/config/workspace/artifact/02212023__140005/data_ingestion/dataset/train.csv', test_file_path='/config/workspace/artifact/02212023__140005/data_ingestion/dataset/test.csv')
[ 2023-02-21 14:00:05,729 ] 19 root - INFO - >>>>>>>>>>>>>>>>>>>>>>>>>>>>>>>>>>>>>>>> Data Validation <<<<<<<<<<<<<<<<<<<<<<<<<<<<<<<<<<<<<<<<
[ 2023-02-21 14:00:15,746 ] 107 root - INFO - Reading base dataframe
[ 2023-02-21 14:00:23,606 ] 110 root - INFO - Replace na value in base df
[ 2023-02-21 14:00:25,756 ] 112 root - INFO - Drop null values colums from base df
[ 2023-02-21 14:00:36,800 ] 41 root - INFO - selecting column name which contains null above to 0.2
[ 2023-02-21 14:00:48,031 ] 44 root - INFO - Columns to drop: []
[ 2023-02-21 14:01:09,516 ] 115 root - INFO - Reading train dataframe
[ 2023-02-21 14:01:10,485 ] 117 root - INFO - Reading test dataframe
[ 2023-02-21 14:01:12,320 ] 120 root - INFO - Drop null values colums from train df
[ 2023-02-21 14:01:17,604 ] 41 root - INFO - selecting column name which contains null above to 0.2
[ 2023-02-21 14:01:23,753 ] 44 root - INFO - Columns to drop: []
[ 2023-02-21 14:01:50,059 ] 122 root - INFO - Drop null values colums from test df
[ 2023-02-21 14:01:55,921 ] 41 root - INFO - selecting column name which contains null above to 0.2
[ 2023-02-21 14:01:58,184 ] 44 root - INFO - Columns to drop: []
