[ 2023-02-21 12:30:35,929 ] 15 root - INFO - >>>>>>>>>>>>>>>>>>>>>>>>>>>>>>>>>>>>>>>> Data Ingestion <<<<<<<<<<<<<<<<<<<<<<<<<<<<<<<<<<<<<<<<
[ 2023-02-21 12:30:35,930 ] 22 root - INFO - Exporting collection data as pandas dataframe
[ 2023-02-21 12:30:35,930 ] 21 root - INFO - Reading data from database: Insurance_premium and collection: expenses
[ 2023-02-21 12:30:35,996 ] 23 root - INFO - Found columns: Index(['_id', 'age', 'sex', 'bmi', 'children', 'smoker', 'region', 'expenses'], dtype='object')
[ 2023-02-21 12:30:35,996 ] 25 root - INFO - Dropping column: _id 
[ 2023-02-21 12:30:35,997 ] 27 root - INFO - Row and columns in df: (1338, 7)
[ 2023-02-21 12:30:35,997 ] 28 root - INFO - Save data in feature store
[ 2023-02-21 12:30:35,998 ] 34 root - INFO - Create feature store folder if not available
[ 2023-02-21 12:30:35,998 ] 38 root - INFO - Save df to feature store folder
[ 2023-02-21 12:30:36,006 ] 43 root - INFO - split dataset into train and test set
[ 2023-02-21 12:30:36,008 ] 47 root - INFO - create dataset directory folder if not available
[ 2023-02-21 12:30:36,008 ] 52 root - INFO - Save df to feature store folder
[ 2023-02-21 12:30:36,015 ] 64 root - INFO - Data ingestion artifact: DataIngestionArtifact(feature_store_file_path='/config/workspace/artifact/02212023__123035/data_ingestion/feature_store/Insurance_premium.csv', train_file_path='/config/workspace/artifact/02212023__123035/data_ingestion/dataset/train.csv', test_file_path='/config/workspace/artifact/02212023__123035/data_ingestion/dataset/test.csv')
[ 2023-02-21 12:30:36,016 ] 19 root - INFO - >>>>>>>>>>>>>>>>>>>>>>>>>>>>>>>>>>>>>>>> Data Validation <<<<<<<<<<<<<<<<<<<<<<<<<<<<<<<<<<<<<<<<
[ 2023-02-21 12:30:36,016 ] 107 root - INFO - Reading base dataframe
[ 2023-02-21 12:30:36,021 ] 110 root - INFO - Replace na value in base df
[ 2023-02-21 12:30:36,021 ] 112 root - INFO - Drop null values colums from base df
[ 2023-02-21 12:30:36,022 ] 41 root - INFO - selecting column name which contains null above to 0.2
[ 2023-02-21 12:30:36,023 ] 44 root - INFO - Columns to drop: []
[ 2023-02-21 12:30:36,024 ] 115 root - INFO - Reading train dataframe
[ 2023-02-21 12:30:36,028 ] 117 root - INFO - Reading test dataframe
[ 2023-02-21 12:30:36,030 ] 120 root - INFO - Drop null values colums from train df
[ 2023-02-21 12:30:36,032 ] 41 root - INFO - selecting column name which contains null above to 0.2
[ 2023-02-21 12:30:36,032 ] 44 root - INFO - Columns to drop: []
[ 2023-02-21 12:30:36,033 ] 122 root - INFO - Drop null values colums from test df
[ 2023-02-21 12:30:36,034 ] 41 root - INFO - selecting column name which contains null above to 0.2
[ 2023-02-21 12:30:36,034 ] 44 root - INFO - Columns to drop: []
