[ 2023-02-27 23:42:28,161 ] 15 root - INFO - >>>>>>>>>>>>>>>>>>>>>>>>>>>>>>>>>>>>>>>> Data Ingestion <<<<<<<<<<<<<<<<<<<<<<<<<<<<<<<<<<<<<<<<
[ 2023-02-27 23:42:28,162 ] 22 root - INFO - Exporting collection data as pandas dataframe
[ 2023-02-27 23:42:28,162 ] 21 root - INFO - Reading data from database: Insurance_premium and collection: expenses
[ 2023-02-27 23:42:28,263 ] 23 root - INFO - Found columns: Index(['_id', 'age', 'sex', 'bmi', 'children', 'smoker', 'region', 'expenses'], dtype='object')
[ 2023-02-27 23:42:28,264 ] 25 root - INFO - Dropping column: _id 
[ 2023-02-27 23:42:28,268 ] 27 root - INFO - Row and columns in df: (2676, 7)
[ 2023-02-27 23:42:28,268 ] 28 root - INFO - Save data in feature store
[ 2023-02-27 23:42:28,270 ] 34 root - INFO - Create feature store folder if not available
[ 2023-02-27 23:42:28,271 ] 38 root - INFO - Save df to feature store folder
[ 2023-02-27 23:42:28,288 ] 43 root - INFO - split dataset into train and test set
[ 2023-02-27 23:42:28,292 ] 47 root - INFO - create dataset directory folder if not available
[ 2023-02-27 23:42:28,293 ] 52 root - INFO - Save df to feature store folder
[ 2023-02-27 23:42:28,307 ] 64 root - INFO - Data ingestion artifact: DataIngestionArtifact(feature_store_file_path='/config/workspace/artifact/02272023__234228/data_ingestion/feature_store/Insurance_premium.csv', train_file_path='/config/workspace/artifact/02272023__234228/data_ingestion/dataset/train.csv', test_file_path='/config/workspace/artifact/02272023__234228/data_ingestion/dataset/test.csv')
[ 2023-02-27 23:42:28,308 ] 19 root - INFO - >>>>>>>>>>>>>>>>>>>>>>>>>>>>>>>>>>>>>>>> Data Validation <<<<<<<<<<<<<<<<<<<<<<<<<<<<<<<<<<<<<<<<
[ 2023-02-27 23:42:28,308 ] 107 root - INFO - Reading base dataframe
[ 2023-02-27 23:42:28,321 ] 110 root - INFO - Replace na value in base df
[ 2023-02-27 23:42:28,322 ] 112 root - INFO - Drop null values colums from base df
[ 2023-02-27 23:42:28,326 ] 41 root - INFO - selecting column name which contains null above to 0.2
[ 2023-02-27 23:42:28,328 ] 44 root - INFO - Columns to drop: []
[ 2023-02-27 23:42:28,329 ] 115 root - INFO - Reading train dataframe
[ 2023-02-27 23:42:28,337 ] 117 root - INFO - Reading test dataframe
[ 2023-02-27 23:42:28,343 ] 120 root - INFO - Drop null values colums from train df
[ 2023-02-27 23:42:28,346 ] 41 root - INFO - selecting column name which contains null above to 0.2
[ 2023-02-27 23:42:28,347 ] 44 root - INFO - Columns to drop: []
[ 2023-02-27 23:42:28,349 ] 122 root - INFO - Drop null values colums from test df
[ 2023-02-27 23:42:28,352 ] 41 root - INFO - selecting column name which contains null above to 0.2
[ 2023-02-27 23:42:28,353 ] 44 root - INFO - Columns to drop: []
[ 2023-02-27 23:42:28,367 ] 131 root - INFO - Is all required columns present in train df
[ 2023-02-27 23:42:28,367 ] 133 root - INFO - Is all required columns present in test df
[ 2023-02-27 23:42:28,367 ] 137 root - INFO - As all column are available in train df hence detecting data drift
[ 2023-02-27 23:42:28,368 ] 85 root - INFO - Hypothesis age: float64, float64 
[ 2023-02-27 23:42:28,370 ] 85 root - INFO - Hypothesis sex: object, object 
[ 2023-02-27 23:42:28,375 ] 85 root - INFO - Hypothesis bmi: float64, float64 
[ 2023-02-27 23:42:28,377 ] 85 root - INFO - Hypothesis children: float64, float64 
[ 2023-02-27 23:42:28,379 ] 85 root - INFO - Hypothesis smoker: object, object 
[ 2023-02-27 23:42:28,384 ] 85 root - INFO - Hypothesis region: object, object 
[ 2023-02-27 23:42:28,391 ] 85 root - INFO - Hypothesis expenses: float64, float64 
[ 2023-02-27 23:42:28,392 ] 140 root - INFO - As all column are available in test df hence detecting data drift
[ 2023-02-27 23:42:28,393 ] 85 root - INFO - Hypothesis age: float64, float64 
[ 2023-02-27 23:42:28,394 ] 85 root - INFO - Hypothesis sex: object, object 
[ 2023-02-27 23:42:28,397 ] 85 root - INFO - Hypothesis bmi: float64, float64 
[ 2023-02-27 23:42:28,399 ] 85 root - INFO - Hypothesis children: float64, float64 
[ 2023-02-27 23:42:28,400 ] 85 root - INFO - Hypothesis smoker: object, object 
[ 2023-02-27 23:42:28,403 ] 85 root - INFO - Hypothesis region: object, object 
[ 2023-02-27 23:42:28,407 ] 85 root - INFO - Hypothesis expenses: float64, float64 
[ 2023-02-27 23:42:28,408 ] 144 root - INFO - Write reprt in yaml file
[ 2023-02-27 23:42:28,425 ] 149 root - INFO - Data validation artifact: DataValidationArtifact(report_file_path='/config/workspace/artifact/02272023__234228/data_validation/report.yaml')
[ 2023-02-27 23:42:28,425 ] 27 root - INFO - >>>>>>>>>>>>>>>>>>>>>>>>>>>>>>>>>>>>>>>> Data Transformation <<<<<<<<<<<<<<<<<<<<<<<<<<<<<<<<<<<<<<<<
[ 2023-02-27 23:48:12,707 ] 55 root - INFO - Entered the save_object method of utils
[ 2023-02-27 23:48:12,713 ] 59 root - INFO - Exited the save_object method of utils
[ 2023-02-27 23:48:12,713 ] 55 root - INFO - Entered the save_object method of utils
[ 2023-02-27 23:48:12,715 ] 59 root - INFO - Exited the save_object method of utils
[ 2023-02-27 23:48:12,715 ] 125 root - INFO - Data transformation object DataTransformationArtifact(transform_object_path='/config/workspace/artifact/02272023__234228/data_transformation/transformer/transformer.pkl', transformed_train_path='/config/workspace/artifact/02272023__234228/data_transformation/transformed/train.npz', transformed_test_path='/config/workspace/artifact/02272023__234228/data_transformation/transformed/test.npz', target_encoder_path='/config/workspace/artifact/02272023__234228/data_transformation/target_encoder/target_encoder.pkl')
