[ 2023-02-27 23:42:32,706 ] 15 root - INFO - >>>>>>>>>>>>>>>>>>>>>>>>>>>>>>>>>>>>>>>> Data Ingestion <<<<<<<<<<<<<<<<<<<<<<<<<<<<<<<<<<<<<<<<
[ 2023-02-27 23:42:32,707 ] 22 root - INFO - Exporting collection data as pandas dataframe
[ 2023-02-27 23:42:32,707 ] 21 root - INFO - Reading data from database: Insurance_premium and collection: expenses
[ 2023-02-27 23:42:32,812 ] 23 root - INFO - Found columns: Index(['_id', 'age', 'sex', 'bmi', 'children', 'smoker', 'region', 'expenses'], dtype='object')
[ 2023-02-27 23:42:32,812 ] 25 root - INFO - Dropping column: _id 
[ 2023-02-27 23:42:32,816 ] 27 root - INFO - Row and columns in df: (2676, 7)
[ 2023-02-27 23:42:32,817 ] 28 root - INFO - Save data in feature store
[ 2023-02-27 23:42:32,819 ] 34 root - INFO - Create feature store folder if not available
[ 2023-02-27 23:42:32,819 ] 38 root - INFO - Save df to feature store folder
[ 2023-02-27 23:42:32,837 ] 43 root - INFO - split dataset into train and test set
[ 2023-02-27 23:42:32,841 ] 47 root - INFO - create dataset directory folder if not available
[ 2023-02-27 23:42:32,842 ] 52 root - INFO - Save df to feature store folder
[ 2023-02-27 23:42:32,856 ] 64 root - INFO - Data ingestion artifact: DataIngestionArtifact(feature_store_file_path='/config/workspace/artifact/02272023__234232/data_ingestion/feature_store/Insurance_premium.csv', train_file_path='/config/workspace/artifact/02272023__234232/data_ingestion/dataset/train.csv', test_file_path='/config/workspace/artifact/02272023__234232/data_ingestion/dataset/test.csv')
[ 2023-02-27 23:42:32,857 ] 19 root - INFO - >>>>>>>>>>>>>>>>>>>>>>>>>>>>>>>>>>>>>>>> Data Validation <<<<<<<<<<<<<<<<<<<<<<<<<<<<<<<<<<<<<<<<
[ 2023-02-27 23:42:32,858 ] 107 root - INFO - Reading base dataframe
[ 2023-02-27 23:42:32,870 ] 110 root - INFO - Replace na value in base df
[ 2023-02-27 23:42:32,870 ] 112 root - INFO - Drop null values colums from base df
[ 2023-02-27 23:42:32,874 ] 41 root - INFO - selecting column name which contains null above to 0.2
[ 2023-02-27 23:42:32,876 ] 44 root - INFO - Columns to drop: []
[ 2023-02-27 23:42:32,877 ] 115 root - INFO - Reading train dataframe
[ 2023-02-27 23:42:32,885 ] 117 root - INFO - Reading test dataframe
[ 2023-02-27 23:42:32,890 ] 120 root - INFO - Drop null values colums from train df
[ 2023-02-27 23:42:32,894 ] 41 root - INFO - selecting column name which contains null above to 0.2
[ 2023-02-27 23:42:32,895 ] 44 root - INFO - Columns to drop: []
[ 2023-02-27 23:42:32,897 ] 122 root - INFO - Drop null values colums from test df
[ 2023-02-27 23:42:32,899 ] 41 root - INFO - selecting column name which contains null above to 0.2
[ 2023-02-27 23:42:32,900 ] 44 root - INFO - Columns to drop: []
[ 2023-02-27 23:42:32,913 ] 131 root - INFO - Is all required columns present in train df
[ 2023-02-27 23:42:32,914 ] 133 root - INFO - Is all required columns present in test df
[ 2023-02-27 23:42:32,914 ] 137 root - INFO - As all column are available in train df hence detecting data drift
[ 2023-02-27 23:42:32,914 ] 85 root - INFO - Hypothesis age: float64, float64 
[ 2023-02-27 23:42:32,917 ] 85 root - INFO - Hypothesis sex: object, object 
[ 2023-02-27 23:42:32,921 ] 85 root - INFO - Hypothesis bmi: float64, float64 
[ 2023-02-27 23:42:32,923 ] 85 root - INFO - Hypothesis children: float64, float64 
[ 2023-02-27 23:42:32,925 ] 85 root - INFO - Hypothesis smoker: object, object 
[ 2023-02-27 23:42:32,930 ] 85 root - INFO - Hypothesis region: object, object 
[ 2023-02-27 23:42:32,936 ] 85 root - INFO - Hypothesis expenses: float64, float64 
[ 2023-02-27 23:42:32,938 ] 140 root - INFO - As all column are available in test df hence detecting data drift
[ 2023-02-27 23:42:32,938 ] 85 root - INFO - Hypothesis age: float64, float64 
[ 2023-02-27 23:42:32,940 ] 85 root - INFO - Hypothesis sex: object, object 
[ 2023-02-27 23:42:32,942 ] 85 root - INFO - Hypothesis bmi: float64, float64 
[ 2023-02-27 23:42:32,944 ] 85 root - INFO - Hypothesis children: float64, float64 
[ 2023-02-27 23:42:32,946 ] 85 root - INFO - Hypothesis smoker: object, object 
[ 2023-02-27 23:42:32,948 ] 85 root - INFO - Hypothesis region: object, object 
[ 2023-02-27 23:42:32,952 ] 85 root - INFO - Hypothesis expenses: float64, float64 
[ 2023-02-27 23:42:32,953 ] 144 root - INFO - Write reprt in yaml file
[ 2023-02-27 23:42:32,970 ] 149 root - INFO - Data validation artifact: DataValidationArtifact(report_file_path='/config/workspace/artifact/02272023__234232/data_validation/report.yaml')
[ 2023-02-27 23:42:32,971 ] 27 root - INFO - >>>>>>>>>>>>>>>>>>>>>>>>>>>>>>>>>>>>>>>> Data Transformation <<<<<<<<<<<<<<<<<<<<<<<<<<<<<<<<<<<<<<<<
[ 2023-02-27 23:49:03,171 ] 55 root - INFO - Entered the save_object method of utils
[ 2023-02-27 23:49:03,177 ] 59 root - INFO - Exited the save_object method of utils
[ 2023-02-27 23:49:03,177 ] 55 root - INFO - Entered the save_object method of utils
[ 2023-02-27 23:49:03,179 ] 59 root - INFO - Exited the save_object method of utils
[ 2023-02-27 23:49:03,179 ] 125 root - INFO - Data transformation object DataTransformationArtifact(transform_object_path='/config/workspace/artifact/02272023__234232/data_transformation/transformer/transformer.pkl', transformed_train_path='/config/workspace/artifact/02272023__234232/data_transformation/transformed/train.npz', transformed_test_path='/config/workspace/artifact/02272023__234232/data_transformation/transformed/test.npz', target_encoder_path='/config/workspace/artifact/02272023__234232/data_transformation/target_encoder/target_encoder.pkl')
