[ 2023-02-27 21:53:33,704 ] 15 root - INFO - >>>>>>>>>>>>>>>>>>>>>>>>>>>>>>>>>>>>>>>> Data Ingestion <<<<<<<<<<<<<<<<<<<<<<<<<<<<<<<<<<<<<<<<
[ 2023-02-27 21:53:33,705 ] 22 root - INFO - Exporting collection data as pandas dataframe
[ 2023-02-27 21:53:33,705 ] 21 root - INFO - Reading data from database: Insurance_premium and collection: expenses
[ 2023-02-27 21:53:33,806 ] 23 root - INFO - Found columns: Index(['_id', 'age', 'sex', 'bmi', 'children', 'smoker', 'region', 'expenses'], dtype='object')
[ 2023-02-27 21:53:33,807 ] 25 root - INFO - Dropping column: _id 
[ 2023-02-27 21:53:33,811 ] 27 root - INFO - Row and columns in df: (2676, 7)
[ 2023-02-27 21:53:33,811 ] 28 root - INFO - Save data in feature store
[ 2023-02-27 21:53:33,813 ] 34 root - INFO - Create feature store folder if not available
[ 2023-02-27 21:53:33,814 ] 38 root - INFO - Save df to feature store folder
[ 2023-02-27 21:53:33,830 ] 43 root - INFO - split dataset into train and test set
[ 2023-02-27 21:53:33,834 ] 47 root - INFO - create dataset directory folder if not available
[ 2023-02-27 21:53:33,834 ] 52 root - INFO - Save df to feature store folder
[ 2023-02-27 21:53:33,848 ] 64 root - INFO - Data ingestion artifact: DataIngestionArtifact(feature_store_file_path='/config/workspace/artifact/02272023__215333/data_ingestion/feature_store/Insurance_premium.csv', train_file_path='/config/workspace/artifact/02272023__215333/data_ingestion/dataset/train.csv', test_file_path='/config/workspace/artifact/02272023__215333/data_ingestion/dataset/test.csv')
[ 2023-02-27 21:53:49,487 ] 19 root - INFO - >>>>>>>>>>>>>>>>>>>>>>>>>>>>>>>>>>>>>>>> Data Validation <<<<<<<<<<<<<<<<<<<<<<<<<<<<<<<<<<<<<<<<
[ 2023-02-27 21:54:03,224 ] 107 root - INFO - Reading base dataframe
[ 2023-02-27 21:54:07,514 ] 110 root - INFO - Replace na value in base df
[ 2023-02-27 21:54:08,935 ] 112 root - INFO - Drop null values colums from base df
[ 2023-02-27 21:54:17,541 ] 41 root - INFO - selecting column name which contains null above to 0.2
[ 2023-02-27 21:54:22,861 ] 44 root - INFO - Columns to drop: []
[ 2023-02-27 21:55:08,476 ] 115 root - INFO - Reading train dataframe
[ 2023-02-27 21:55:09,730 ] 117 root - INFO - Reading test dataframe
[ 2023-02-27 21:55:11,308 ] 120 root - INFO - Drop null values colums from train df
[ 2023-02-27 21:55:16,210 ] 41 root - INFO - selecting column name which contains null above to 0.2
[ 2023-02-27 21:55:18,455 ] 44 root - INFO - Columns to drop: []
[ 2023-02-27 21:55:31,299 ] 122 root - INFO - Drop null values colums from test df
[ 2023-02-27 21:55:40,360 ] 41 root - INFO - selecting column name which contains null above to 0.2
[ 2023-02-27 21:55:45,585 ] 44 root - INFO - Columns to drop: []
[ 2023-02-27 21:58:40,988 ] 131 root - INFO - Is all required columns present in train df
[ 2023-02-27 21:59:11,878 ] 133 root - INFO - Is all required columns present in test df
[ 2023-02-27 21:59:31,383 ] 137 root - INFO - As all column are available in train df hence detecting data drift
[ 2023-02-27 21:59:37,746 ] 85 root - INFO - Hypothesis age: float64, float64 
[ 2023-02-27 21:59:44,107 ] 85 root - INFO - Hypothesis sex: object, object 
[ 2023-02-27 21:59:49,866 ] 85 root - INFO - Hypothesis bmi: float64, float64 
[ 2023-02-27 21:59:55,221 ] 85 root - INFO - Hypothesis children: float64, float64 
[ 2023-02-27 22:00:00,654 ] 85 root - INFO - Hypothesis smoker: object, object 
[ 2023-02-27 22:00:05,750 ] 85 root - INFO - Hypothesis region: object, object 
[ 2023-02-27 22:00:11,196 ] 85 root - INFO - Hypothesis expenses: float64, float64 
[ 2023-02-27 22:00:18,741 ] 140 root - INFO - As all column are available in test df hence detecting data drift
[ 2023-02-27 22:00:24,449 ] 85 root - INFO - Hypothesis age: float64, float64 
[ 2023-02-27 22:00:31,235 ] 85 root - INFO - Hypothesis sex: object, object 
[ 2023-02-27 22:00:37,472 ] 85 root - INFO - Hypothesis bmi: float64, float64 
[ 2023-02-27 22:00:43,090 ] 85 root - INFO - Hypothesis children: float64, float64 
[ 2023-02-27 22:00:48,050 ] 85 root - INFO - Hypothesis smoker: object, object 
[ 2023-02-27 22:00:52,287 ] 85 root - INFO - Hypothesis region: object, object 
[ 2023-02-27 22:00:55,828 ] 85 root - INFO - Hypothesis expenses: float64, float64 
[ 2023-02-27 22:01:02,129 ] 144 root - INFO - Write reprt in yaml file
[ 2023-02-27 22:01:14,361 ] 149 root - INFO - Data validation artifact: DataValidationArtifact(report_file_path='/config/workspace/artifact/02272023__215333/data_validation/report.yaml')
