[ 2023-02-28 00:25:37,497 ] 15 root - INFO - >>>>>>>>>>>>>>>>>>>>>>>>>>>>>>>>>>>>>>>> Data Ingestion <<<<<<<<<<<<<<<<<<<<<<<<<<<<<<<<<<<<<<<<
[ 2023-02-28 00:25:37,498 ] 22 root - INFO - Exporting collection data as pandas dataframe
[ 2023-02-28 00:25:37,498 ] 21 root - INFO - Reading data from database: Insurance_premium and collection: expenses
[ 2023-02-28 00:25:37,603 ] 23 root - INFO - Found columns: Index(['_id', 'age', 'sex', 'bmi', 'children', 'smoker', 'region', 'expenses'], dtype='object')
[ 2023-02-28 00:25:37,604 ] 25 root - INFO - Dropping column: _id 
[ 2023-02-28 00:25:37,608 ] 27 root - INFO - Row and columns in df: (2676, 7)
[ 2023-02-28 00:25:37,608 ] 28 root - INFO - Save data in feature store
[ 2023-02-28 00:25:37,610 ] 34 root - INFO - Create feature store folder if not available
[ 2023-02-28 00:25:37,611 ] 38 root - INFO - Save df to feature store folder
[ 2023-02-28 00:25:37,630 ] 43 root - INFO - split dataset into train and test set
[ 2023-02-28 00:25:37,636 ] 47 root - INFO - create dataset directory folder if not available
[ 2023-02-28 00:25:37,636 ] 52 root - INFO - Save df to feature store folder
[ 2023-02-28 00:25:37,652 ] 64 root - INFO - Data ingestion artifact: DataIngestionArtifact(feature_store_file_path='/config/workspace/artifact/02282023__002537/data_ingestion/feature_store/Insurance_premium.csv', train_file_path='/config/workspace/artifact/02282023__002537/data_ingestion/dataset/train.csv', test_file_path='/config/workspace/artifact/02282023__002537/data_ingestion/dataset/test.csv')
[ 2023-02-28 00:25:37,652 ] 19 root - INFO - >>>>>>>>>>>>>>>>>>>>>>>>>>>>>>>>>>>>>>>> Data Validation <<<<<<<<<<<<<<<<<<<<<<<<<<<<<<<<<<<<<<<<
[ 2023-02-28 00:25:37,653 ] 107 root - INFO - Reading base dataframe
[ 2023-02-28 00:25:37,666 ] 110 root - INFO - Replace na value in base df
[ 2023-02-28 00:25:37,666 ] 112 root - INFO - Drop null values colums from base df
[ 2023-02-28 00:25:37,671 ] 41 root - INFO - selecting column name which contains null above to 0.2
[ 2023-02-28 00:25:37,672 ] 44 root - INFO - Columns to drop: []
[ 2023-02-28 00:25:37,674 ] 115 root - INFO - Reading train dataframe
[ 2023-02-28 00:25:37,681 ] 117 root - INFO - Reading test dataframe
[ 2023-02-28 00:25:37,687 ] 120 root - INFO - Drop null values colums from train df
[ 2023-02-28 00:25:37,691 ] 41 root - INFO - selecting column name which contains null above to 0.2
[ 2023-02-28 00:25:37,692 ] 44 root - INFO - Columns to drop: []
[ 2023-02-28 00:25:37,694 ] 122 root - INFO - Drop null values colums from test df
[ 2023-02-28 00:25:37,697 ] 41 root - INFO - selecting column name which contains null above to 0.2
[ 2023-02-28 00:25:37,698 ] 44 root - INFO - Columns to drop: []
[ 2023-02-28 00:25:37,712 ] 131 root - INFO - Is all required columns present in train df
[ 2023-02-28 00:25:37,712 ] 133 root - INFO - Is all required columns present in test df
[ 2023-02-28 00:25:37,712 ] 137 root - INFO - As all column are available in train df hence detecting data drift
[ 2023-02-28 00:25:37,713 ] 85 root - INFO - Hypothesis age: float64, float64 
[ 2023-02-28 00:25:37,715 ] 85 root - INFO - Hypothesis sex: object, object 
[ 2023-02-28 00:25:37,720 ] 85 root - INFO - Hypothesis bmi: float64, float64 
[ 2023-02-28 00:25:37,722 ] 85 root - INFO - Hypothesis children: float64, float64 
[ 2023-02-28 00:25:37,724 ] 85 root - INFO - Hypothesis smoker: object, object 
[ 2023-02-28 00:25:37,729 ] 85 root - INFO - Hypothesis region: object, object 
[ 2023-02-28 00:25:37,734 ] 85 root - INFO - Hypothesis expenses: float64, float64 
[ 2023-02-28 00:25:37,736 ] 140 root - INFO - As all column are available in test df hence detecting data drift
[ 2023-02-28 00:25:37,736 ] 85 root - INFO - Hypothesis age: float64, float64 
[ 2023-02-28 00:25:37,737 ] 85 root - INFO - Hypothesis sex: object, object 
[ 2023-02-28 00:25:37,740 ] 85 root - INFO - Hypothesis bmi: float64, float64 
[ 2023-02-28 00:25:37,742 ] 85 root - INFO - Hypothesis children: float64, float64 
[ 2023-02-28 00:25:37,743 ] 85 root - INFO - Hypothesis smoker: object, object 
[ 2023-02-28 00:25:37,746 ] 85 root - INFO - Hypothesis region: object, object 
[ 2023-02-28 00:25:37,749 ] 85 root - INFO - Hypothesis expenses: float64, float64 
[ 2023-02-28 00:25:37,751 ] 144 root - INFO - Write reprt in yaml file
[ 2023-02-28 00:25:37,767 ] 149 root - INFO - Data validation artifact: DataValidationArtifact(report_file_path='/config/workspace/artifact/02282023__002537/data_validation/report.yaml')
[ 2023-02-28 00:25:37,768 ] 27 root - INFO - >>>>>>>>>>>>>>>>>>>>>>>>>>>>>>>>>>>>>>>> Data Transformation <<<<<<<<<<<<<<<<<<<<<<<<<<<<<<<<<<<<<<<<
[ 2023-02-28 00:25:37,827 ] 55 root - INFO - Entered the save_object method of utils
[ 2023-02-28 00:25:37,833 ] 59 root - INFO - Exited the save_object method of utils
[ 2023-02-28 00:25:37,833 ] 55 root - INFO - Entered the save_object method of utils
[ 2023-02-28 00:25:37,835 ] 59 root - INFO - Exited the save_object method of utils
[ 2023-02-28 00:25:37,835 ] 125 root - INFO - Data transformation object DataTransformationArtifact(transform_object_path='/config/workspace/artifact/02282023__002537/data_transformation/transformer/transformer.pkl', transformed_train_path='/config/workspace/artifact/02282023__002537/data_transformation/transformed/train.npz', transformed_test_path='/config/workspace/artifact/02282023__002537/data_transformation/transformed/test.npz', target_encoder_path='/config/workspace/artifact/02282023__002537/data_transformation/target_encoder/target_encoder.pkl')
[ 2023-02-28 00:26:52,814 ] 21 root - INFO - >>>>>>>>>>>>>>>>>>>>>>>>>>>>>>>>>>>>>>>> Model Trainer <<<<<<<<<<<<<<<<<<<<<<<<<<<<<<<<<<<<<<<<
[ 2023-02-28 00:26:52,815 ] 56 root - INFO - Loading train and test array.
[ 2023-02-28 00:26:52,838 ] 60 root - INFO - Splitting input and target feature from both train and test arr.
[ 2023-02-28 00:26:52,838 ] 64 root - INFO - Train the model
[ 2023-02-28 00:26:52,845 ] 67 root - INFO - Calculating f1 train score
[ 2023-02-28 00:26:52,847 ] 71 root - INFO - Calculating f1 test score
[ 2023-02-28 00:26:52,849 ] 75 root - INFO - train score:0.7431670023529096 and tests score 0.7801354470499087
[ 2023-02-28 00:26:52,849 ] 77 root - INFO - Checking if our model is underfitting or not
[ 2023-02-28 00:26:52,849 ] 82 root - INFO - Checking if our model is overfiiting or not
[ 2023-02-28 00:26:52,849 ] 89 root - INFO - Saving mode object
[ 2023-02-28 00:26:52,850 ] 55 root - INFO - Entered the save_object method of utils
[ 2023-02-28 00:26:52,853 ] 59 root - INFO - Exited the save_object method of utils
[ 2023-02-28 00:26:52,853 ] 93 root - INFO - Prepare the artifact
[ 2023-02-28 00:26:52,854 ] 96 root - INFO - Model trainer artifact: ModelTrainerArtifact(model_path='/config/workspace/artifact/02282023__002537/model_trainer/model/model.pkl', r2_train_score=0.7431670023529096, r2_test_score=0.7801354470499087)
