[ 2023-02-28 10:35:36,390 ] 15 root - INFO - >>>>>>>>>>>>>>>>>>>>>>>>>>>>>>>>>>>>>>>> Data Ingestion <<<<<<<<<<<<<<<<<<<<<<<<<<<<<<<<<<<<<<<<
[ 2023-02-28 10:35:36,391 ] 22 root - INFO - Exporting collection data as pandas dataframe
[ 2023-02-28 10:35:36,391 ] 21 root - INFO - Reading data from database: Insurance_premium and collection: expenses
[ 2023-02-28 10:35:36,517 ] 23 root - INFO - Found columns: Index(['_id', 'age', 'sex', 'bmi', 'children', 'smoker', 'region', 'expenses'], dtype='object')
[ 2023-02-28 10:35:36,517 ] 25 root - INFO - Dropping column: _id 
[ 2023-02-28 10:35:36,522 ] 27 root - INFO - Row and columns in df: (4014, 7)
[ 2023-02-28 10:35:36,522 ] 28 root - INFO - Save data in feature store
[ 2023-02-28 10:35:36,524 ] 34 root - INFO - Create feature store folder if not available
[ 2023-02-28 10:35:36,524 ] 38 root - INFO - Save df to feature store folder
[ 2023-02-28 10:35:36,546 ] 43 root - INFO - split dataset into train and test set
[ 2023-02-28 10:35:36,550 ] 47 root - INFO - create dataset directory folder if not available
[ 2023-02-28 10:35:36,550 ] 52 root - INFO - Save df to feature store folder
[ 2023-02-28 10:35:36,569 ] 64 root - INFO - Data ingestion artifact: DataIngestionArtifact(feature_store_file_path='/config/workspace/artifact/02282023__103536/data_ingestion/feature_store/Insurance_premium.csv', train_file_path='/config/workspace/artifact/02282023__103536/data_ingestion/dataset/train.csv', test_file_path='/config/workspace/artifact/02282023__103536/data_ingestion/dataset/test.csv')
[ 2023-02-28 10:35:36,570 ] 19 root - INFO - >>>>>>>>>>>>>>>>>>>>>>>>>>>>>>>>>>>>>>>> Data Validation <<<<<<<<<<<<<<<<<<<<<<<<<<<<<<<<<<<<<<<<
[ 2023-02-28 10:35:36,570 ] 107 root - INFO - Reading base dataframe
[ 2023-02-28 10:35:36,582 ] 110 root - INFO - Replace na value in base df
[ 2023-02-28 10:35:36,582 ] 112 root - INFO - Drop null values colums from base df
[ 2023-02-28 10:35:36,587 ] 41 root - INFO - selecting column name which contains null above to 0.2
[ 2023-02-28 10:35:36,588 ] 44 root - INFO - Columns to drop: []
[ 2023-02-28 10:35:36,590 ] 115 root - INFO - Reading train dataframe
[ 2023-02-28 10:35:36,598 ] 117 root - INFO - Reading test dataframe
[ 2023-02-28 10:35:36,605 ] 120 root - INFO - Drop null values colums from train df
[ 2023-02-28 10:35:36,609 ] 41 root - INFO - selecting column name which contains null above to 0.2
[ 2023-02-28 10:35:36,610 ] 44 root - INFO - Columns to drop: []
[ 2023-02-28 10:35:36,612 ] 122 root - INFO - Drop null values colums from test df
[ 2023-02-28 10:35:36,615 ] 41 root - INFO - selecting column name which contains null above to 0.2
[ 2023-02-28 10:35:36,616 ] 44 root - INFO - Columns to drop: []
[ 2023-02-28 10:35:36,628 ] 131 root - INFO - Is all required columns present in train df
[ 2023-02-28 10:35:36,629 ] 133 root - INFO - Is all required columns present in test df
[ 2023-02-28 10:35:36,629 ] 137 root - INFO - As all column are available in train df hence detecting data drift
[ 2023-02-28 10:35:36,629 ] 85 root - INFO - Hypothesis age: float64, float64 
[ 2023-02-28 10:35:36,632 ] 85 root - INFO - Hypothesis sex: object, object 
[ 2023-02-28 10:35:36,637 ] 85 root - INFO - Hypothesis bmi: float64, float64 
[ 2023-02-28 10:35:36,639 ] 85 root - INFO - Hypothesis children: float64, float64 
[ 2023-02-28 10:35:36,640 ] 85 root - INFO - Hypothesis smoker: object, object 
[ 2023-02-28 10:35:36,647 ] 85 root - INFO - Hypothesis region: object, object 
[ 2023-02-28 10:35:36,655 ] 85 root - INFO - Hypothesis expenses: float64, float64 
[ 2023-02-28 10:35:36,656 ] 140 root - INFO - As all column are available in test df hence detecting data drift
[ 2023-02-28 10:35:36,657 ] 85 root - INFO - Hypothesis age: float64, float64 
[ 2023-02-28 10:35:36,658 ] 85 root - INFO - Hypothesis sex: object, object 
[ 2023-02-28 10:35:36,661 ] 85 root - INFO - Hypothesis bmi: float64, float64 
[ 2023-02-28 10:35:36,663 ] 85 root - INFO - Hypothesis children: float64, float64 
[ 2023-02-28 10:35:36,664 ] 85 root - INFO - Hypothesis smoker: object, object 
[ 2023-02-28 10:35:36,667 ] 85 root - INFO - Hypothesis region: object, object 
[ 2023-02-28 10:35:36,671 ] 85 root - INFO - Hypothesis expenses: float64, float64 
[ 2023-02-28 10:35:36,673 ] 144 root - INFO - Write reprt in yaml file
[ 2023-02-28 10:35:36,689 ] 149 root - INFO - Data validation artifact: DataValidationArtifact(report_file_path='/config/workspace/artifact/02282023__103536/data_validation/report.yaml')
[ 2023-02-28 10:35:36,690 ] 27 root - INFO - >>>>>>>>>>>>>>>>>>>>>>>>>>>>>>>>>>>>>>>> Data Transformation <<<<<<<<<<<<<<<<<<<<<<<<<<<<<<<<<<<<<<<<
[ 2023-02-28 10:35:36,751 ] 55 root - INFO - Entered the save_object method of utils
[ 2023-02-28 10:35:36,756 ] 59 root - INFO - Exited the save_object method of utils
[ 2023-02-28 10:35:36,757 ] 55 root - INFO - Entered the save_object method of utils
[ 2023-02-28 10:35:36,758 ] 59 root - INFO - Exited the save_object method of utils
[ 2023-02-28 10:35:36,758 ] 125 root - INFO - Data transformation object DataTransformationArtifact(transform_object_path='/config/workspace/artifact/02282023__103536/data_transformation/transformer/transformer.pkl', transformed_train_path='/config/workspace/artifact/02282023__103536/data_transformation/transformed/train.npz', transformed_test_path='/config/workspace/artifact/02282023__103536/data_transformation/transformed/test.npz', target_encoder_path='/config/workspace/artifact/02282023__103536/data_transformation/target_encoder/target_encoder.pkl')
[ 2023-02-28 10:35:36,759 ] 20 root - INFO - >>>>>>>>>>>>>>>>>>>>>>>>>>>>>>>>>>>>>>>> Model Trainer <<<<<<<<<<<<<<<<<<<<<<<<<<<<<<<<<<<<<<<<
[ 2023-02-28 10:35:36,759 ] 55 root - INFO - Loading train and test array.
[ 2023-02-28 10:35:36,781 ] 59 root - INFO - Splitting input and target feature from both train and test arr.
[ 2023-02-28 10:35:36,781 ] 63 root - INFO - Train the model
[ 2023-02-28 10:35:36,787 ] 66 root - INFO - Calculating f1 train score
[ 2023-02-28 10:35:36,790 ] 70 root - INFO - Calculating f1 test score
[ 2023-02-28 10:35:36,791 ] 74 root - INFO - train score:0.7506133375599999 and tests score 0.749775482387721
[ 2023-02-28 10:35:36,791 ] 76 root - INFO - Checking if our model is underfitting or not
[ 2023-02-28 10:35:36,791 ] 81 root - INFO - Checking if our model is overfiiting or not
[ 2023-02-28 10:35:36,792 ] 88 root - INFO - Saving mode object
[ 2023-02-28 10:35:36,792 ] 55 root - INFO - Entered the save_object method of utils
[ 2023-02-28 10:35:36,795 ] 59 root - INFO - Exited the save_object method of utils
[ 2023-02-28 10:35:36,796 ] 92 root - INFO - Prepare the artifact
[ 2023-02-28 10:35:36,796 ] 95 root - INFO - Model trainer artifact: ModelTrainerArtifact(model_path='/config/workspace/artifact/02282023__103536/model_trainer/model/model.pkl', r2_train_score=0.7506133375599999, r2_test_score=0.749775482387721)
[ 2023-02-28 10:35:47,542 ] 24 root - INFO - >>>>>>>>>>>>>>>>>>>>>>>>>>>>>>>>>>>>>>>>  Model Evaluation <<<<<<<<<<<<<<<<<<<<<<<<<<<<<<<<<<<<<<<<
[ 2023-02-28 10:37:05,536 ] 40 root - INFO - if saved model folder has model the we will compare which model is best trained or the model from saved model folder
[ 2023-02-28 10:37:14,582 ] 46 root - INFO - Model evaluation artifact: ModelEvaluationArtifact(is_model_accepted=True, improved_accuracy=None)
