[ 2023-02-28 10:09:06,087 ] 15 root - INFO - >>>>>>>>>>>>>>>>>>>>>>>>>>>>>>>>>>>>>>>> Data Ingestion <<<<<<<<<<<<<<<<<<<<<<<<<<<<<<<<<<<<<<<<
[ 2023-02-28 10:09:06,090 ] 22 root - INFO - Exporting collection data as pandas dataframe
[ 2023-02-28 10:09:06,090 ] 21 root - INFO - Reading data from database: Insurance_premium and collection: expenses
[ 2023-02-28 10:09:06,219 ] 23 root - INFO - Found columns: Index(['_id', 'age', 'sex', 'bmi', 'children', 'smoker', 'region', 'expenses'], dtype='object')
[ 2023-02-28 10:09:06,219 ] 25 root - INFO - Dropping column: _id 
[ 2023-02-28 10:09:06,223 ] 27 root - INFO - Row and columns in df: (4014, 7)
[ 2023-02-28 10:09:06,223 ] 28 root - INFO - Save data in feature store
[ 2023-02-28 10:09:06,226 ] 34 root - INFO - Create feature store folder if not available
[ 2023-02-28 10:09:06,226 ] 38 root - INFO - Save df to feature store folder
[ 2023-02-28 10:09:06,249 ] 43 root - INFO - split dataset into train and test set
[ 2023-02-28 10:09:06,253 ] 47 root - INFO - create dataset directory folder if not available
[ 2023-02-28 10:09:06,253 ] 52 root - INFO - Save df to feature store folder
[ 2023-02-28 10:09:06,272 ] 64 root - INFO - Data ingestion artifact: DataIngestionArtifact(feature_store_file_path='/config/workspace/artifact/02282023__100906/data_ingestion/feature_store/Insurance_premium.csv', train_file_path='/config/workspace/artifact/02282023__100906/data_ingestion/dataset/train.csv', test_file_path='/config/workspace/artifact/02282023__100906/data_ingestion/dataset/test.csv')
[ 2023-02-28 10:09:06,273 ] 19 root - INFO - >>>>>>>>>>>>>>>>>>>>>>>>>>>>>>>>>>>>>>>> Data Validation <<<<<<<<<<<<<<<<<<<<<<<<<<<<<<<<<<<<<<<<
[ 2023-02-28 10:09:06,274 ] 107 root - INFO - Reading base dataframe
[ 2023-02-28 10:09:06,286 ] 110 root - INFO - Replace na value in base df
[ 2023-02-28 10:09:06,286 ] 112 root - INFO - Drop null values colums from base df
[ 2023-02-28 10:09:06,290 ] 41 root - INFO - selecting column name which contains null above to 0.2
[ 2023-02-28 10:09:06,292 ] 44 root - INFO - Columns to drop: []
[ 2023-02-28 10:09:06,293 ] 115 root - INFO - Reading train dataframe
[ 2023-02-28 10:09:06,302 ] 117 root - INFO - Reading test dataframe
[ 2023-02-28 10:09:06,308 ] 120 root - INFO - Drop null values colums from train df
[ 2023-02-28 10:09:06,313 ] 41 root - INFO - selecting column name which contains null above to 0.2
[ 2023-02-28 10:09:06,314 ] 44 root - INFO - Columns to drop: []
[ 2023-02-28 10:09:06,315 ] 122 root - INFO - Drop null values colums from test df
[ 2023-02-28 10:09:06,318 ] 41 root - INFO - selecting column name which contains null above to 0.2
[ 2023-02-28 10:09:06,319 ] 44 root - INFO - Columns to drop: []
[ 2023-02-28 10:09:06,332 ] 131 root - INFO - Is all required columns present in train df
[ 2023-02-28 10:09:06,333 ] 133 root - INFO - Is all required columns present in test df
[ 2023-02-28 10:09:06,333 ] 137 root - INFO - As all column are available in train df hence detecting data drift
[ 2023-02-28 10:09:06,334 ] 85 root - INFO - Hypothesis age: float64, float64 
[ 2023-02-28 10:09:06,336 ] 85 root - INFO - Hypothesis sex: object, object 
[ 2023-02-28 10:09:06,342 ] 85 root - INFO - Hypothesis bmi: float64, float64 
[ 2023-02-28 10:09:06,344 ] 85 root - INFO - Hypothesis children: float64, float64 
[ 2023-02-28 10:09:06,345 ] 85 root - INFO - Hypothesis smoker: object, object 
[ 2023-02-28 10:09:06,354 ] 85 root - INFO - Hypothesis region: object, object 
[ 2023-02-28 10:09:06,364 ] 85 root - INFO - Hypothesis expenses: float64, float64 
[ 2023-02-28 10:09:06,366 ] 140 root - INFO - As all column are available in test df hence detecting data drift
[ 2023-02-28 10:09:06,366 ] 85 root - INFO - Hypothesis age: float64, float64 
[ 2023-02-28 10:09:06,368 ] 85 root - INFO - Hypothesis sex: object, object 
[ 2023-02-28 10:09:06,371 ] 85 root - INFO - Hypothesis bmi: float64, float64 
[ 2023-02-28 10:09:06,373 ] 85 root - INFO - Hypothesis children: float64, float64 
[ 2023-02-28 10:09:06,374 ] 85 root - INFO - Hypothesis smoker: object, object 
[ 2023-02-28 10:09:06,378 ] 85 root - INFO - Hypothesis region: object, object 
[ 2023-02-28 10:09:06,381 ] 85 root - INFO - Hypothesis expenses: float64, float64 
[ 2023-02-28 10:09:06,383 ] 144 root - INFO - Write reprt in yaml file
[ 2023-02-28 10:09:06,400 ] 149 root - INFO - Data validation artifact: DataValidationArtifact(report_file_path='/config/workspace/artifact/02282023__100906/data_validation/report.yaml')
[ 2023-02-28 10:09:12,978 ] 27 root - INFO - >>>>>>>>>>>>>>>>>>>>>>>>>>>>>>>>>>>>>>>> Data Transformation <<<<<<<<<<<<<<<<<<<<<<<<<<<<<<<<<<<<<<<<
[ 2023-02-28 10:09:19,717 ] 55 root - INFO - Entered the save_object method of utils
[ 2023-02-28 10:09:19,723 ] 59 root - INFO - Exited the save_object method of utils
[ 2023-02-28 10:09:19,723 ] 55 root - INFO - Entered the save_object method of utils
[ 2023-02-28 10:09:19,725 ] 59 root - INFO - Exited the save_object method of utils
[ 2023-02-28 10:09:19,725 ] 125 root - INFO - Data transformation object DataTransformationArtifact(transform_object_path='/config/workspace/artifact/02282023__100906/data_transformation/transformer/transformer.pkl', transformed_train_path='/config/workspace/artifact/02282023__100906/data_transformation/transformed/train.npz', transformed_test_path='/config/workspace/artifact/02282023__100906/data_transformation/transformed/test.npz', target_encoder_path='/config/workspace/artifact/02282023__100906/data_transformation/target_encoder/target_encoder.pkl')
[ 2023-02-28 10:10:14,243 ] 20 root - INFO - >>>>>>>>>>>>>>>>>>>>>>>>>>>>>>>>>>>>>>>> Model Trainer <<<<<<<<<<<<<<<<<<<<<<<<<<<<<<<<<<<<<<<<
[ 2023-02-28 10:12:05,595 ] 55 root - INFO - Loading train and test array.
[ 2023-02-28 10:12:05,630 ] 59 root - INFO - Splitting input and target feature from both train and test arr.
[ 2023-02-28 10:12:05,631 ] 63 root - INFO - Train the model
[ 2023-02-28 10:12:05,646 ] 66 root - INFO - Calculating f1 train score
[ 2023-02-28 10:12:05,662 ] 70 root - INFO - Calculating f1 test score
[ 2023-02-28 10:12:05,664 ] 74 root - INFO - train score:0.7506133375599999 and tests score 0.749775482387721
[ 2023-02-28 10:12:05,664 ] 76 root - INFO - Checking if our model is underfitting or not
[ 2023-02-28 10:12:05,664 ] 81 root - INFO - Checking if our model is overfiiting or not
[ 2023-02-28 10:12:05,665 ] 88 root - INFO - Saving mode object
[ 2023-02-28 10:12:05,665 ] 55 root - INFO - Entered the save_object method of utils
[ 2023-02-28 10:12:05,669 ] 59 root - INFO - Exited the save_object method of utils
[ 2023-02-28 10:12:05,669 ] 92 root - INFO - Prepare the artifact
[ 2023-02-28 10:12:05,669 ] 95 root - INFO - Model trainer artifact: ModelTrainerArtifact(model_path='/config/workspace/artifact/02282023__100906/model_trainer/model/model.pkl', r2_train_score=0.7506133375599999, r2_test_score=0.749775482387721)
