[ 2023-02-28 11:01:27,256 ] 15 root - INFO - >>>>>>>>>>>>>>>>>>>>>>>>>>>>>>>>>>>>>>>> Data Ingestion <<<<<<<<<<<<<<<<<<<<<<<<<<<<<<<<<<<<<<<<
[ 2023-02-28 11:01:27,257 ] 22 root - INFO - Exporting collection data as pandas dataframe
[ 2023-02-28 11:01:27,258 ] 21 root - INFO - Reading data from database: Insurance_premium and collection: expenses
[ 2023-02-28 11:01:27,383 ] 23 root - INFO - Found columns: Index(['_id', 'age', 'sex', 'bmi', 'children', 'smoker', 'region', 'expenses'], dtype='object')
[ 2023-02-28 11:01:27,384 ] 25 root - INFO - Dropping column: _id 
[ 2023-02-28 11:01:27,389 ] 27 root - INFO - Row and columns in df: (4014, 7)
[ 2023-02-28 11:01:27,389 ] 28 root - INFO - Save data in feature store
[ 2023-02-28 11:01:27,391 ] 34 root - INFO - Create feature store folder if not available
[ 2023-02-28 11:01:27,391 ] 38 root - INFO - Save df to feature store folder
[ 2023-02-28 11:01:27,414 ] 43 root - INFO - split dataset into train and test set
[ 2023-02-28 11:01:27,419 ] 47 root - INFO - create dataset directory folder if not available
[ 2023-02-28 11:01:27,419 ] 52 root - INFO - Save df to feature store folder
[ 2023-02-28 11:01:27,438 ] 64 root - INFO - Data ingestion artifact: DataIngestionArtifact(feature_store_file_path='/config/workspace/artifact/02282023__110127/data_ingestion/feature_store/Insurance_premium.csv', train_file_path='/config/workspace/artifact/02282023__110127/data_ingestion/dataset/train.csv', test_file_path='/config/workspace/artifact/02282023__110127/data_ingestion/dataset/test.csv')
[ 2023-02-28 11:01:27,439 ] 19 root - INFO - >>>>>>>>>>>>>>>>>>>>>>>>>>>>>>>>>>>>>>>> Data Validation <<<<<<<<<<<<<<<<<<<<<<<<<<<<<<<<<<<<<<<<
[ 2023-02-28 11:01:27,440 ] 107 root - INFO - Reading base dataframe
[ 2023-02-28 11:01:27,453 ] 110 root - INFO - Replace na value in base df
[ 2023-02-28 11:01:27,453 ] 112 root - INFO - Drop null values colums from base df
[ 2023-02-28 11:01:27,458 ] 41 root - INFO - selecting column name which contains null above to 0.2
[ 2023-02-28 11:01:27,459 ] 44 root - INFO - Columns to drop: []
[ 2023-02-28 11:01:27,461 ] 115 root - INFO - Reading train dataframe
[ 2023-02-28 11:01:27,469 ] 117 root - INFO - Reading test dataframe
[ 2023-02-28 11:01:27,475 ] 120 root - INFO - Drop null values colums from train df
[ 2023-02-28 11:01:27,480 ] 41 root - INFO - selecting column name which contains null above to 0.2
[ 2023-02-28 11:01:27,481 ] 44 root - INFO - Columns to drop: []
[ 2023-02-28 11:01:27,483 ] 122 root - INFO - Drop null values colums from test df
[ 2023-02-28 11:01:27,486 ] 41 root - INFO - selecting column name which contains null above to 0.2
[ 2023-02-28 11:01:27,487 ] 44 root - INFO - Columns to drop: []
[ 2023-02-28 11:01:27,499 ] 131 root - INFO - Is all required columns present in train df
[ 2023-02-28 11:01:27,500 ] 133 root - INFO - Is all required columns present in test df
[ 2023-02-28 11:01:27,500 ] 137 root - INFO - As all column are available in train df hence detecting data drift
[ 2023-02-28 11:01:27,500 ] 85 root - INFO - Hypothesis age: float64, float64 
[ 2023-02-28 11:01:27,503 ] 85 root - INFO - Hypothesis sex: object, object 
[ 2023-02-28 11:01:27,508 ] 85 root - INFO - Hypothesis bmi: float64, float64 
[ 2023-02-28 11:01:27,511 ] 85 root - INFO - Hypothesis children: float64, float64 
[ 2023-02-28 11:01:27,512 ] 85 root - INFO - Hypothesis smoker: object, object 
[ 2023-02-28 11:01:27,519 ] 85 root - INFO - Hypothesis region: object, object 
[ 2023-02-28 11:01:27,526 ] 85 root - INFO - Hypothesis expenses: float64, float64 
[ 2023-02-28 11:01:27,528 ] 140 root - INFO - As all column are available in test df hence detecting data drift
[ 2023-02-28 11:01:27,528 ] 85 root - INFO - Hypothesis age: float64, float64 
[ 2023-02-28 11:01:27,529 ] 85 root - INFO - Hypothesis sex: object, object 
[ 2023-02-28 11:01:27,532 ] 85 root - INFO - Hypothesis bmi: float64, float64 
[ 2023-02-28 11:01:27,534 ] 85 root - INFO - Hypothesis children: float64, float64 
[ 2023-02-28 11:01:27,535 ] 85 root - INFO - Hypothesis smoker: object, object 
[ 2023-02-28 11:01:27,539 ] 85 root - INFO - Hypothesis region: object, object 
[ 2023-02-28 11:01:27,543 ] 85 root - INFO - Hypothesis expenses: float64, float64 
[ 2023-02-28 11:01:27,544 ] 144 root - INFO - Write reprt in yaml file
[ 2023-02-28 11:01:27,561 ] 149 root - INFO - Data validation artifact: DataValidationArtifact(report_file_path='/config/workspace/artifact/02282023__110127/data_validation/report.yaml')
[ 2023-02-28 11:01:27,562 ] 27 root - INFO - >>>>>>>>>>>>>>>>>>>>>>>>>>>>>>>>>>>>>>>> Data Transformation <<<<<<<<<<<<<<<<<<<<<<<<<<<<<<<<<<<<<<<<
[ 2023-02-28 11:01:27,623 ] 55 root - INFO - Entered the save_object method of utils
[ 2023-02-28 11:01:27,629 ] 59 root - INFO - Exited the save_object method of utils
[ 2023-02-28 11:01:27,629 ] 55 root - INFO - Entered the save_object method of utils
[ 2023-02-28 11:01:27,631 ] 59 root - INFO - Exited the save_object method of utils
[ 2023-02-28 11:01:27,631 ] 125 root - INFO - Data transformation object DataTransformationArtifact(transform_object_path='/config/workspace/artifact/02282023__110127/data_transformation/transformer/transformer.pkl', transformed_train_path='/config/workspace/artifact/02282023__110127/data_transformation/transformed/train.npz', transformed_test_path='/config/workspace/artifact/02282023__110127/data_transformation/transformed/test.npz', target_encoder_path='/config/workspace/artifact/02282023__110127/data_transformation/target_encoder/target_encoder.pkl')
[ 2023-02-28 11:01:27,631 ] 20 root - INFO - >>>>>>>>>>>>>>>>>>>>>>>>>>>>>>>>>>>>>>>> Model Trainer <<<<<<<<<<<<<<<<<<<<<<<<<<<<<<<<<<<<<<<<
[ 2023-02-28 11:01:27,631 ] 55 root - INFO - Loading train and test array.
[ 2023-02-28 11:01:27,654 ] 59 root - INFO - Splitting input and target feature from both train and test arr.
[ 2023-02-28 11:01:27,654 ] 63 root - INFO - Train the model
[ 2023-02-28 11:01:27,660 ] 66 root - INFO - Calculating f1 train score
[ 2023-02-28 11:01:27,662 ] 70 root - INFO - Calculating f1 test score
[ 2023-02-28 11:01:27,664 ] 74 root - INFO - train score:0.7506133375599999 and tests score 0.749775482387721
[ 2023-02-28 11:01:27,664 ] 76 root - INFO - Checking if our model is underfitting or not
[ 2023-02-28 11:01:27,664 ] 81 root - INFO - Checking if our model is overfiiting or not
[ 2023-02-28 11:01:27,664 ] 88 root - INFO - Saving mode object
[ 2023-02-28 11:01:27,665 ] 55 root - INFO - Entered the save_object method of utils
[ 2023-02-28 11:01:27,668 ] 59 root - INFO - Exited the save_object method of utils
[ 2023-02-28 11:01:27,668 ] 92 root - INFO - Prepare the artifact
[ 2023-02-28 11:01:27,668 ] 95 root - INFO - Model trainer artifact: ModelTrainerArtifact(model_path='/config/workspace/artifact/02282023__110127/model_trainer/model/model.pkl', r2_train_score=0.7506133375599999, r2_test_score=0.749775482387721)
[ 2023-02-28 11:01:41,515 ] 21 root - INFO - >>>>>>>>>>>>>>>>>>>>>>>>>>>>>>>>>>>>>>>> Data Transformation <<<<<<<<<<<<<<<<<<<<<<<<<<<<<<<<<<<<<<<<
[ 2023-02-28 11:34:30,625 ] 32 root - INFO - Loading transformer model and target encoder
[ 2023-02-28 11:34:47,909 ] 38 root - INFO - Saving model into model pusher directory
[ 2023-02-28 11:34:51,964 ] 55 root - INFO - Entered the save_object method of utils
[ 2023-02-28 11:34:55,724 ] 59 root - INFO - Exited the save_object method of utils
[ 2023-02-28 11:34:59,636 ] 55 root - INFO - Entered the save_object method of utils
[ 2023-02-28 11:35:03,213 ] 59 root - INFO - Exited the save_object method of utils
[ 2023-02-28 11:35:06,193 ] 55 root - INFO - Entered the save_object method of utils
[ 2023-02-28 11:35:09,251 ] 59 root - INFO - Exited the save_object method of utils
[ 2023-02-28 11:35:11,278 ] 45 root - INFO - Saving model in saved model dir
[ 2023-02-28 11:35:46,394 ] 55 root - INFO - Entered the save_object method of utils
[ 2023-02-28 11:35:51,444 ] 59 root - INFO - Exited the save_object method of utils
[ 2023-02-28 11:35:52,837 ] 55 root - INFO - Entered the save_object method of utils
[ 2023-02-28 11:35:52,841 ] 59 root - INFO - Exited the save_object method of utils
[ 2023-02-28 11:35:55,641 ] 55 root - INFO - Entered the save_object method of utils
[ 2023-02-28 11:35:55,643 ] 59 root - INFO - Exited the save_object method of utils
[ 2023-02-28 11:36:01,009 ] 56 root - INFO - Model pusher artifact: ModelPusherArtifact(pusher_model_dir='/config/workspace/artifact/02282023__110127/model_pusher/saved_models', saved_model_dir='saved_models')
